0 info it worked if it ends with ok
1 verbose cli [ '/usr/local/bin/node', '/usr/local/bin/npm', 'start' ]
2 info using npm@4.1.2
3 info using node@v6.9.3
4 verbose run-script [ 'prestart', 'start', 'poststart' ]
5 info lifecycle BeginigOfReact@1.0.0~prestart: BeginigOfReact@1.0.0
6 silly lifecycle BeginigOfReact@1.0.0~prestart: no script for prestart, continuing
7 info lifecycle BeginigOfReact@1.0.0~start: BeginigOfReact@1.0.0
8 verbose lifecycle BeginigOfReact@1.0.0~start: unsafe-perm in lifecycle true
9 verbose lifecycle BeginigOfReact@1.0.0~start: PATH: /usr/local/lib/node_modules/npm/bin/node-gyp-bin:/Users/nilayanand/workspace/test/react-begin/node_modules/.bin:/Users/nilayanand/.rvm/gems/ruby-2.3.1/bin:/Users/nilayanand/.rvm/gems/ruby-2.3.1@global/bin:/Users/nilayanand/.rvm/rubies/ruby-2.3.1/bin:/usr/local/mysql/bin:/Library/Frameworks/Python.framework/Versions/2.7/bin:/opt/local/bin:/opt/local/sbin:/usr/local/bin:/usr/local/bin:/Applications/mongodb/bin:/usr/share/apache-maven-3.1.1/bin:/Library/Frameworks/Python.framework/Versions/2.7/bin:/usr/local/bin:/usr/bin:/bin:/usr/sbin:/sbin:/usr/local/git/bin:/opt/ImageMagick/bin:/Applications/Postgres.app/Contents/Versions/latest/bin:/Applications/Postgres.app/Contents/Versions/9.4/bin:/usr/local/mysql/bin:/Users/nilayanand/.rvm/bin
10 verbose lifecycle BeginigOfReact@1.0.0~start: CWD: /Users/nilayanand/workspace/test/react-begin
11 silly lifecycle BeginigOfReact@1.0.0~start: Args: [ '-c', 'webpack-dev-server --hot' ]
12 silly lifecycle BeginigOfReact@1.0.0~start: Returned: code: 1  signal: null
13 info lifecycle BeginigOfReact@1.0.0~start: Failed to exec start script
14 verbose stack Error: BeginigOfReact@1.0.0 start: `webpack-dev-server --hot`
14 verbose stack Exit status 1
14 verbose stack     at EventEmitter.<anonymous> (/usr/local/lib/node_modules/npm/lib/utils/lifecycle.js:279:16)
14 verbose stack     at emitTwo (events.js:106:13)
14 verbose stack     at EventEmitter.emit (events.js:191:7)
14 verbose stack     at ChildProcess.<anonymous> (/usr/local/lib/node_modules/npm/lib/utils/spawn.js:40:14)
14 verbose stack     at emitTwo (events.js:106:13)
14 verbose stack     at ChildProcess.emit (events.js:191:7)
14 verbose stack     at maybeClose (internal/child_process.js:877:16)
14 verbose stack     at Process.ChildProcess._handle.onexit (internal/child_process.js:226:5)
15 verbose pkgid BeginigOfReact@1.0.0
16 verbose cwd /Users/nilayanand/workspace/test/react-begin
17 error Darwin 16.4.0
18 error argv "/usr/local/bin/node" "/usr/local/bin/npm" "start"
19 error node v6.9.3
20 error npm  v4.1.2
21 error code ELIFECYCLE
22 error BeginigOfReact@1.0.0 start: `webpack-dev-server --hot`
22 error Exit status 1
23 error Failed at the BeginigOfReact@1.0.0 start script 'webpack-dev-server --hot'.
23 error Make sure you have the latest version of node.js and npm installed.
23 error If you do, this is most likely a problem with the BeginigOfReact package,
23 error not with npm itself.
23 error Tell the author that this fails on your system:
23 error     webpack-dev-server --hot
23 error You can get information on how to open an issue for this project with:
23 error     npm bugs BeginigOfReact
23 error Or if that isn't available, you can get their info via:
23 error     npm owner ls BeginigOfReact
23 error There is likely additional logging output above.
24 verbose exit [ 1, true ]
